Terminals which are not used

   TOK_ERROR


Grammar

    0 $accept: programa $end

    1 programa: inicioTabla TOK_MAIN TOK_LLAVEIZQUIERDA declaraciones funciones sentencias TOK_LLAVEDERECHA

    2 inicioTabla: /* empty */

    3 declaraciones: declaracion
    4              | declaracion declaraciones

    5 declaracion: clase identificadores TOK_PUNTOYCOMA

    6 clase: clase_escalar
    7      | clase_vector

    8 clase_escalar: tipo

    9 tipo: TOK_INT
   10     | TOK_BOOLEAN

   11 clase_vector: TOK_ARRAY tipo TOK_CORCHETEIZQUIERDO constante_entera TOK_CORCHETEDERECHO

   12 identificadores: identificador
   13                | identificador TOK_COMA identificadores

   14 funciones: funcion funciones
   15          | /* empty */

   16 funcion: fn_declaration sentencias TOK_LLAVEDERECHA

   17 fn_declaration: fn_name TOK_PARENTESISIZQUIERDO parametros_funcion TOK_PARENTESISDERECHO TOK_LLAVEIZQUIERDA declaraciones_funcion

   18 fn_name: TOK_FUNCTION tipo TOK_IDENTIFICADOR

   19 parametros_funcion: parametro_funcion resto_parametros_funcion
   20                   | /* empty */

   21 resto_parametros_funcion: TOK_PUNTOYCOMA parametro_funcion resto_parametros_funcion
   22                         | /* empty */

   23 parametro_funcion: tipo idpf

   24 declaraciones_funcion: declaraciones
   25                      | /* empty */

   26 sentencias: sentencia
   27           | sentencia sentencias

   28 sentencia: sentencia_simple TOK_PUNTOYCOMA
   29          | bloque

   30 sentencia_simple: asignacion
   31                 | lectura
   32                 | escritura
   33                 | retorno_funcion

   34 bloque: condicional
   35       | bucle

   36 asignacion: identificador TOK_ASIGNACION exp
   37           | elemento_vector TOK_ASIGNACION exp

   38 elemento_vector: identificador TOK_CORCHETEIZQUIERDO exp TOK_CORCHETEDERECHO

   39 condicional: TOK_IF TOK_PARENTESISIZQUIERDO exp TOK_PARENTESISDERECHO TOK_LLAVEIZQUIERDA sentencias TOK_LLAVEDERECHA
   40            | TOK_IF TOK_PARENTESISIZQUIERDO exp TOK_PARENTESISDERECHO TOK_LLAVEIZQUIERDA sentencias TOK_LLAVEDERECHA TOK_ELSE TOK_LLAVEIZQUIERDA sentencias TOK_LLAVEDERECHA

   41 bucle: TOK_WHILE TOK_PARENTESISIZQUIERDO exp TOK_PARENTESISDERECHO TOK_LLAVEIZQUIERDA sentencias TOK_LLAVEDERECHA

   42 lectura: TOK_SCANF identificador

   43 escritura: TOK_PRINTF exp

   44 retorno_funcion: TOK_RETURN exp

   45 exp: exp TOK_MAS exp
   46    | exp TOK_MENOS exp
   47    | exp TOK_DIVISION exp
   48    | exp TOK_ASTERISCO exp
   49    | TOK_MENOS exp
   50    | exp TOK_AND exp
   51    | exp TOK_OR exp
   52    | TOK_NOT exp
   53    | identificador
   54    | constante
   55    | TOK_PARENTESISIZQUIERDO exp TOK_PARENTESISDERECHO
   56    | TOK_PARENTESISIZQUIERDO comparacion TOK_PARENTESISDERECHO
   57    | elemento_vector
   58    | identificador TOK_PARENTESISIZQUIERDO lista_expresiones TOK_PARENTESISDERECHO

   59 lista_expresiones: exp resto_lista_expresiones
   60                  | /* empty */

   61 resto_lista_expresiones: TOK_COMA exp resto_lista_expresiones
   62                        | /* empty */

   63 comparacion: exp TOK_IGUAL exp
   64            | exp TOK_DISTINTO exp
   65            | exp TOK_MENORIGUAL exp
   66            | exp TOK_MAYORIGUAL
   67            | exp TOK_MENOR exp
   68            | exp TOK_MAYOR exp

   69 constante: constante_logica
   70          | constante_entera

   71 constante_logica: TOK_TRUE
   72                 | TOK_FALSE

   73 constante_entera: TOK_CONSTANTE_ENTERA

   74 identificador: TOK_IDENTIFICADOR

   75 idpf: TOK_IDENTIFICADOR


Terminals, with rules where they appear

$end (0) 0
error (256)
TOK_IDENTIFICADOR (258) 18 74 75
TOK_CONSTANTE_ENTERA (259) 73
TOK_MAIN (260) 1
TOK_INT (261) 9
TOK_BOOLEAN (262) 10
TOK_ARRAY (263) 11
TOK_FUNCTION (264) 18
TOK_IF (265) 39 40
TOK_ELSE (266) 40
TOK_WHILE (267) 41
TOK_SCANF (268) 42
TOK_PRINTF (269) 43
TOK_RETURN (270) 44
TOK_PUNTOYCOMA (271) 5 21 28
TOK_COMA (272) 13 61
TOK_PARENTESISIZQUIERDO (273) 17 39 40 41 55 56 58
TOK_PARENTESISDERECHO (274) 17 39 40 41 55 56 58
TOK_CORCHETEIZQUIERDO (275) 11 38
TOK_CORCHETEDERECHO (276) 11 38
TOK_LLAVEIZQUIERDA (277) 1 17 39 40 41
TOK_LLAVEDERECHA (278) 1 16 39 40 41
TOK_ASIGNACION (279) 36 37
TOK_MAS (280) 45
TOK_MENOS (281) 46 49
TOK_DIVISION (282) 47
TOK_ASTERISCO (283) 48
TOK_AND (284) 50
TOK_OR (285) 51
TOK_NOT (286) 52
TOK_IGUAL (287) 63
TOK_DISTINTO (288) 64
TOK_MENORIGUAL (289) 65
TOK_MAYORIGUAL (290) 66
TOK_MENOR (291) 67
TOK_MAYOR (292) 68
TOK_TRUE (293) 71
TOK_FALSE (294) 72
TOK_ERROR (295)


Nonterminals, with rules where they appear

$accept (41)
    on left: 0
programa (42)
    on left: 1, on right: 0
inicioTabla (43)
    on left: 2, on right: 1
declaraciones (44)
    on left: 3 4, on right: 1 4 24
declaracion (45)
    on left: 5, on right: 3 4
clase (46)
    on left: 6 7, on right: 5
clase_escalar (47)
    on left: 8, on right: 6
tipo (48)
    on left: 9 10, on right: 8 11 18 23
clase_vector (49)
    on left: 11, on right: 7
identificadores (50)
    on left: 12 13, on right: 5 13
funciones (51)
    on left: 14 15, on right: 1 14
funcion (52)
    on left: 16, on right: 14
fn_declaration (53)
    on left: 17, on right: 16
fn_name (54)
    on left: 18, on right: 17
parametros_funcion (55)
    on left: 19 20, on right: 17
resto_parametros_funcion (56)
    on left: 21 22, on right: 19 21
parametro_funcion (57)
    on left: 23, on right: 19 21
declaraciones_funcion (58)
    on left: 24 25, on right: 17
sentencias (59)
    on left: 26 27, on right: 1 16 27 39 40 41
sentencia (60)
    on left: 28 29, on right: 26 27
sentencia_simple (61)
    on left: 30 31 32 33, on right: 28
bloque (62)
    on left: 34 35, on right: 29
asignacion (63)
    on left: 36 37, on right: 30
elemento_vector (64)
    on left: 38, on right: 37 57
condicional (65)
    on left: 39 40, on right: 34
bucle (66)
    on left: 41, on right: 35
lectura (67)
    on left: 42, on right: 31
escritura (68)
    on left: 43, on right: 32
retorno_funcion (69)
    on left: 44, on right: 33
exp (70)
    on left: 45 46 47 48 49 50 51 52 53 54 55 56 57 58,
    on right: 36 37 38 39 40 41 43 44 45 46 47 48 49 50 51 52 55 59
    61 63 64 65 66 67 68
lista_expresiones (71)
    on left: 59 60, on right: 58
resto_lista_expresiones (72)
    on left: 61 62, on right: 59 61
comparacion (73)
    on left: 63 64 65 66 67 68, on right: 56
constante (74)
    on left: 69 70, on right: 54
constante_logica (75)
    on left: 71 72, on right: 69
constante_entera (76)
    on left: 73, on right: 11 70
identificador (77)
    on left: 74, on right: 12 13 36 38 42 53 58
idpf (78)
    on left: 75, on right: 23


state 0

    0 $accept: . programa $end

    $default  reduce using rule 2 (inicioTabla)

    programa     go to state 1
    inicioTabla  go to state 2


state 1

    0 $accept: programa . $end

    $end  shift, and go to state 3


state 2

    1 programa: inicioTabla . TOK_MAIN TOK_LLAVEIZQUIERDA declaraciones funciones sentencias TOK_LLAVEDERECHA

    TOK_MAIN  shift, and go to state 4


state 3

    0 $accept: programa $end .

    $default  accept


state 4

    1 programa: inicioTabla TOK_MAIN . TOK_LLAVEIZQUIERDA declaraciones funciones sentencias TOK_LLAVEDERECHA

    TOK_LLAVEIZQUIERDA  shift, and go to state 5


state 5

    1 programa: inicioTabla TOK_MAIN TOK_LLAVEIZQUIERDA . declaraciones funciones sentencias TOK_LLAVEDERECHA

    TOK_INT      shift, and go to state 6
    TOK_BOOLEAN  shift, and go to state 7
    TOK_ARRAY    shift, and go to state 8

    declaraciones  go to state 9
    declaracion    go to state 10
    clase          go to state 11
    clase_escalar  go to state 12
    tipo           go to state 13
    clase_vector   go to state 14


state 6

    9 tipo: TOK_INT .

    $default  reduce using rule 9 (tipo)


state 7

   10 tipo: TOK_BOOLEAN .

    $default  reduce using rule 10 (tipo)


state 8

   11 clase_vector: TOK_ARRAY . tipo TOK_CORCHETEIZQUIERDO constante_entera TOK_CORCHETEDERECHO

    TOK_INT      shift, and go to state 6
    TOK_BOOLEAN  shift, and go to state 7

    tipo  go to state 15


state 9

    1 programa: inicioTabla TOK_MAIN TOK_LLAVEIZQUIERDA declaraciones . funciones sentencias TOK_LLAVEDERECHA

    TOK_FUNCTION  shift, and go to state 16

    $default  reduce using rule 15 (funciones)

    funciones       go to state 17
    funcion         go to state 18
    fn_declaration  go to state 19
    fn_name         go to state 20


state 10

    3 declaraciones: declaracion .
    4              | declaracion . declaraciones

    TOK_INT      shift, and go to state 6
    TOK_BOOLEAN  shift, and go to state 7
    TOK_ARRAY    shift, and go to state 8

    $default  reduce using rule 3 (declaraciones)

    declaraciones  go to state 21
    declaracion    go to state 10
    clase          go to state 11
    clase_escalar  go to state 12
    tipo           go to state 13
    clase_vector   go to state 14


state 11

    5 declaracion: clase . identificadores TOK_PUNTOYCOMA

    TOK_IDENTIFICADOR  shift, and go to state 22

    identificadores  go to state 23
    identificador    go to state 24


state 12

    6 clase: clase_escalar .

    $default  reduce using rule 6 (clase)


state 13

    8 clase_escalar: tipo .

    $default  reduce using rule 8 (clase_escalar)


state 14

    7 clase: clase_vector .

    $default  reduce using rule 7 (clase)


state 15

   11 clase_vector: TOK_ARRAY tipo . TOK_CORCHETEIZQUIERDO constante_entera TOK_CORCHETEDERECHO

    TOK_CORCHETEIZQUIERDO  shift, and go to state 25


state 16

   18 fn_name: TOK_FUNCTION . tipo TOK_IDENTIFICADOR

    TOK_INT      shift, and go to state 6
    TOK_BOOLEAN  shift, and go to state 7

    tipo  go to state 26


state 17

    1 programa: inicioTabla TOK_MAIN TOK_LLAVEIZQUIERDA declaraciones funciones . sentencias TOK_LLAVEDERECHA

    TOK_IDENTIFICADOR  shift, and go to state 22
    TOK_IF             shift, and go to state 27
    TOK_WHILE          shift, and go to state 28
    TOK_SCANF          shift, and go to state 29
    TOK_PRINTF         shift, and go to state 30
    TOK_RETURN         shift, and go to state 31

    sentencias        go to state 32
    sentencia         go to state 33
    sentencia_simple  go to state 34
    bloque            go to state 35
    asignacion        go to state 36
    elemento_vector   go to state 37
    condicional       go to state 38
    bucle             go to state 39
    lectura           go to state 40
    escritura         go to state 41
    retorno_funcion   go to state 42
    identificador     go to state 43


state 18

   14 funciones: funcion . funciones

    TOK_FUNCTION  shift, and go to state 16

    $default  reduce using rule 15 (funciones)

    funciones       go to state 44
    funcion         go to state 18
    fn_declaration  go to state 19
    fn_name         go to state 20


state 19

   16 funcion: fn_declaration . sentencias TOK_LLAVEDERECHA

    TOK_IDENTIFICADOR  shift, and go to state 22
    TOK_IF             shift, and go to state 27
    TOK_WHILE          shift, and go to state 28
    TOK_SCANF          shift, and go to state 29
    TOK_PRINTF         shift, and go to state 30
    TOK_RETURN         shift, and go to state 31

    sentencias        go to state 45
    sentencia         go to state 33
    sentencia_simple  go to state 34
    bloque            go to state 35
    asignacion        go to state 36
    elemento_vector   go to state 37
    condicional       go to state 38
    bucle             go to state 39
    lectura           go to state 40
    escritura         go to state 41
    retorno_funcion   go to state 42
    identificador     go to state 43


state 20

   17 fn_declaration: fn_name . TOK_PARENTESISIZQUIERDO parametros_funcion TOK_PARENTESISDERECHO TOK_LLAVEIZQUIERDA declaraciones_funcion

    TOK_PARENTESISIZQUIERDO  shift, and go to state 46


state 21

    4 declaraciones: declaracion declaraciones .

    $default  reduce using rule 4 (declaraciones)


state 22

   74 identificador: TOK_IDENTIFICADOR .

    $default  reduce using rule 74 (identificador)


state 23

    5 declaracion: clase identificadores . TOK_PUNTOYCOMA

    TOK_PUNTOYCOMA  shift, and go to state 47


state 24

   12 identificadores: identificador .
   13                | identificador . TOK_COMA identificadores

    TOK_COMA  shift, and go to state 48

    $default  reduce using rule 12 (identificadores)


state 25

   11 clase_vector: TOK_ARRAY tipo TOK_CORCHETEIZQUIERDO . constante_entera TOK_CORCHETEDERECHO

    TOK_CONSTANTE_ENTERA  shift, and go to state 49

    constante_entera  go to state 50


state 26

   18 fn_name: TOK_FUNCTION tipo . TOK_IDENTIFICADOR

    TOK_IDENTIFICADOR  shift, and go to state 51


state 27

   39 condicional: TOK_IF . TOK_PARENTESISIZQUIERDO exp TOK_PARENTESISDERECHO TOK_LLAVEIZQUIERDA sentencias TOK_LLAVEDERECHA
   40            | TOK_IF . TOK_PARENTESISIZQUIERDO exp TOK_PARENTESISDERECHO TOK_LLAVEIZQUIERDA sentencias TOK_LLAVEDERECHA TOK_ELSE TOK_LLAVEIZQUIERDA sentencias TOK_LLAVEDERECHA

    TOK_PARENTESISIZQUIERDO  shift, and go to state 52


state 28

   41 bucle: TOK_WHILE . TOK_PARENTESISIZQUIERDO exp TOK_PARENTESISDERECHO TOK_LLAVEIZQUIERDA sentencias TOK_LLAVEDERECHA

    TOK_PARENTESISIZQUIERDO  shift, and go to state 53


state 29

   42 lectura: TOK_SCANF . identificador

    TOK_IDENTIFICADOR  shift, and go to state 22

    identificador  go to state 54


state 30

   43 escritura: TOK_PRINTF . exp

    TOK_IDENTIFICADOR        shift, and go to state 22
    TOK_CONSTANTE_ENTERA     shift, and go to state 49
    TOK_PARENTESISIZQUIERDO  shift, and go to state 55
    TOK_MENOS                shift, and go to state 56
    TOK_NOT                  shift, and go to state 57
    TOK_TRUE                 shift, and go to state 58
    TOK_FALSE                shift, and go to state 59

    elemento_vector   go to state 60
    exp               go to state 61
    constante         go to state 62
    constante_logica  go to state 63
    constante_entera  go to state 64
    identificador     go to state 65


state 31

   44 retorno_funcion: TOK_RETURN . exp

    TOK_IDENTIFICADOR        shift, and go to state 22
    TOK_CONSTANTE_ENTERA     shift, and go to state 49
    TOK_PARENTESISIZQUIERDO  shift, and go to state 55
    TOK_MENOS                shift, and go to state 56
    TOK_NOT                  shift, and go to state 57
    TOK_TRUE                 shift, and go to state 58
    TOK_FALSE                shift, and go to state 59

    elemento_vector   go to state 60
    exp               go to state 66
    constante         go to state 62
    constante_logica  go to state 63
    constante_entera  go to state 64
    identificador     go to state 65


state 32

    1 programa: inicioTabla TOK_MAIN TOK_LLAVEIZQUIERDA declaraciones funciones sentencias . TOK_LLAVEDERECHA

    TOK_LLAVEDERECHA  shift, and go to state 67


state 33

   26 sentencias: sentencia .
   27           | sentencia . sentencias

    TOK_IDENTIFICADOR  shift, and go to state 22
    TOK_IF             shift, and go to state 27
    TOK_WHILE          shift, and go to state 28
    TOK_SCANF          shift, and go to state 29
    TOK_PRINTF         shift, and go to state 30
    TOK_RETURN         shift, and go to state 31

    $default  reduce using rule 26 (sentencias)

    sentencias        go to state 68
    sentencia         go to state 33
    sentencia_simple  go to state 34
    bloque            go to state 35
    asignacion        go to state 36
    elemento_vector   go to state 37
    condicional       go to state 38
    bucle             go to state 39
    lectura           go to state 40
    escritura         go to state 41
    retorno_funcion   go to state 42
    identificador     go to state 43


state 34

   28 sentencia: sentencia_simple . TOK_PUNTOYCOMA

    TOK_PUNTOYCOMA  shift, and go to state 69


state 35

   29 sentencia: bloque .

    $default  reduce using rule 29 (sentencia)


state 36

   30 sentencia_simple: asignacion .

    $default  reduce using rule 30 (sentencia_simple)


state 37

   37 asignacion: elemento_vector . TOK_ASIGNACION exp

    TOK_ASIGNACION  shift, and go to state 70


state 38

   34 bloque: condicional .

    $default  reduce using rule 34 (bloque)


state 39

   35 bloque: bucle .

    $default  reduce using rule 35 (bloque)


state 40

   31 sentencia_simple: lectura .

    $default  reduce using rule 31 (sentencia_simple)


state 41

   32 sentencia_simple: escritura .

    $default  reduce using rule 32 (sentencia_simple)


state 42

   33 sentencia_simple: retorno_funcion .

    $default  reduce using rule 33 (sentencia_simple)


state 43

   36 asignacion: identificador . TOK_ASIGNACION exp
   38 elemento_vector: identificador . TOK_CORCHETEIZQUIERDO exp TOK_CORCHETEDERECHO

    TOK_CORCHETEIZQUIERDO  shift, and go to state 71
    TOK_ASIGNACION         shift, and go to state 72


state 44

   14 funciones: funcion funciones .

    $default  reduce using rule 14 (funciones)


state 45

   16 funcion: fn_declaration sentencias . TOK_LLAVEDERECHA

    TOK_LLAVEDERECHA  shift, and go to state 73


state 46

   17 fn_declaration: fn_name TOK_PARENTESISIZQUIERDO . parametros_funcion TOK_PARENTESISDERECHO TOK_LLAVEIZQUIERDA declaraciones_funcion

    TOK_INT      shift, and go to state 6
    TOK_BOOLEAN  shift, and go to state 7

    $default  reduce using rule 20 (parametros_funcion)

    tipo                go to state 74
    parametros_funcion  go to state 75
    parametro_funcion   go to state 76


state 47

    5 declaracion: clase identificadores TOK_PUNTOYCOMA .

    $default  reduce using rule 5 (declaracion)


state 48

   13 identificadores: identificador TOK_COMA . identificadores

    TOK_IDENTIFICADOR  shift, and go to state 22

    identificadores  go to state 77
    identificador    go to state 24


state 49

   73 constante_entera: TOK_CONSTANTE_ENTERA .

    $default  reduce using rule 73 (constante_entera)


state 50

   11 clase_vector: TOK_ARRAY tipo TOK_CORCHETEIZQUIERDO constante_entera . TOK_CORCHETEDERECHO

    TOK_CORCHETEDERECHO  shift, and go to state 78


state 51

   18 fn_name: TOK_FUNCTION tipo TOK_IDENTIFICADOR .

    $default  reduce using rule 18 (fn_name)


state 52

   39 condicional: TOK_IF TOK_PARENTESISIZQUIERDO . exp TOK_PARENTESISDERECHO TOK_LLAVEIZQUIERDA sentencias TOK_LLAVEDERECHA
   40            | TOK_IF TOK_PARENTESISIZQUIERDO . exp TOK_PARENTESISDERECHO TOK_LLAVEIZQUIERDA sentencias TOK_LLAVEDERECHA TOK_ELSE TOK_LLAVEIZQUIERDA sentencias TOK_LLAVEDERECHA

    TOK_IDENTIFICADOR        shift, and go to state 22
    TOK_CONSTANTE_ENTERA     shift, and go to state 49
    TOK_PARENTESISIZQUIERDO  shift, and go to state 55
    TOK_MENOS                shift, and go to state 56
    TOK_NOT                  shift, and go to state 57
    TOK_TRUE                 shift, and go to state 58
    TOK_FALSE                shift, and go to state 59

    elemento_vector   go to state 60
    exp               go to state 79
    constante         go to state 62
    constante_logica  go to state 63
    constante_entera  go to state 64
    identificador     go to state 65


state 53

   41 bucle: TOK_WHILE TOK_PARENTESISIZQUIERDO . exp TOK_PARENTESISDERECHO TOK_LLAVEIZQUIERDA sentencias TOK_LLAVEDERECHA

    TOK_IDENTIFICADOR        shift, and go to state 22
    TOK_CONSTANTE_ENTERA     shift, and go to state 49
    TOK_PARENTESISIZQUIERDO  shift, and go to state 55
    TOK_MENOS                shift, and go to state 56
    TOK_NOT                  shift, and go to state 57
    TOK_TRUE                 shift, and go to state 58
    TOK_FALSE                shift, and go to state 59

    elemento_vector   go to state 60
    exp               go to state 80
    constante         go to state 62
    constante_logica  go to state 63
    constante_entera  go to state 64
    identificador     go to state 65


state 54

   42 lectura: TOK_SCANF identificador .

    $default  reduce using rule 42 (lectura)


state 55

   55 exp: TOK_PARENTESISIZQUIERDO . exp TOK_PARENTESISDERECHO
   56    | TOK_PARENTESISIZQUIERDO . comparacion TOK_PARENTESISDERECHO

    TOK_IDENTIFICADOR        shift, and go to state 22
    TOK_CONSTANTE_ENTERA     shift, and go to state 49
    TOK_PARENTESISIZQUIERDO  shift, and go to state 55
    TOK_MENOS                shift, and go to state 56
    TOK_NOT                  shift, and go to state 57
    TOK_TRUE                 shift, and go to state 58
    TOK_FALSE                shift, and go to state 59

    elemento_vector   go to state 60
    exp               go to state 81
    comparacion       go to state 82
    constante         go to state 62
    constante_logica  go to state 63
    constante_entera  go to state 64
    identificador     go to state 65


state 56

   49 exp: TOK_MENOS . exp

    TOK_IDENTIFICADOR        shift, and go to state 22
    TOK_CONSTANTE_ENTERA     shift, and go to state 49
    TOK_PARENTESISIZQUIERDO  shift, and go to state 55
    TOK_MENOS                shift, and go to state 56
    TOK_NOT                  shift, and go to state 57
    TOK_TRUE                 shift, and go to state 58
    TOK_FALSE                shift, and go to state 59

    elemento_vector   go to state 60
    exp               go to state 83
    constante         go to state 62
    constante_logica  go to state 63
    constante_entera  go to state 64
    identificador     go to state 65


state 57

   52 exp: TOK_NOT . exp

    TOK_IDENTIFICADOR        shift, and go to state 22
    TOK_CONSTANTE_ENTERA     shift, and go to state 49
    TOK_PARENTESISIZQUIERDO  shift, and go to state 55
    TOK_MENOS                shift, and go to state 56
    TOK_NOT                  shift, and go to state 57
    TOK_TRUE                 shift, and go to state 58
    TOK_FALSE                shift, and go to state 59

    elemento_vector   go to state 60
    exp               go to state 84
    constante         go to state 62
    constante_logica  go to state 63
    constante_entera  go to state 64
    identificador     go to state 65


state 58

   71 constante_logica: TOK_TRUE .

    $default  reduce using rule 71 (constante_logica)


state 59

   72 constante_logica: TOK_FALSE .

    $default  reduce using rule 72 (constante_logica)


state 60

   57 exp: elemento_vector .

    $default  reduce using rule 57 (exp)


state 61

   43 escritura: TOK_PRINTF exp .
   45 exp: exp . TOK_MAS exp
   46    | exp . TOK_MENOS exp
   47    | exp . TOK_DIVISION exp
   48    | exp . TOK_ASTERISCO exp
   50    | exp . TOK_AND exp
   51    | exp . TOK_OR exp

    TOK_MAS        shift, and go to state 85
    TOK_MENOS      shift, and go to state 86
    TOK_DIVISION   shift, and go to state 87
    TOK_ASTERISCO  shift, and go to state 88
    TOK_AND        shift, and go to state 89
    TOK_OR         shift, and go to state 90

    $default  reduce using rule 43 (escritura)


state 62

   54 exp: constante .

    $default  reduce using rule 54 (exp)


state 63

   69 constante: constante_logica .

    $default  reduce using rule 69 (constante)


state 64

   70 constante: constante_entera .

    $default  reduce using rule 70 (constante)


state 65

   38 elemento_vector: identificador . TOK_CORCHETEIZQUIERDO exp TOK_CORCHETEDERECHO
   53 exp: identificador .
   58    | identificador . TOK_PARENTESISIZQUIERDO lista_expresiones TOK_PARENTESISDERECHO

    TOK_PARENTESISIZQUIERDO  shift, and go to state 91
    TOK_CORCHETEIZQUIERDO    shift, and go to state 71

    $default  reduce using rule 53 (exp)


state 66

   44 retorno_funcion: TOK_RETURN exp .
   45 exp: exp . TOK_MAS exp
   46    | exp . TOK_MENOS exp
   47    | exp . TOK_DIVISION exp
   48    | exp . TOK_ASTERISCO exp
   50    | exp . TOK_AND exp
   51    | exp . TOK_OR exp

    TOK_MAS        shift, and go to state 85
    TOK_MENOS      shift, and go to state 86
    TOK_DIVISION   shift, and go to state 87
    TOK_ASTERISCO  shift, and go to state 88
    TOK_AND        shift, and go to state 89
    TOK_OR         shift, and go to state 90

    $default  reduce using rule 44 (retorno_funcion)


state 67

    1 programa: inicioTabla TOK_MAIN TOK_LLAVEIZQUIERDA declaraciones funciones sentencias TOK_LLAVEDERECHA .

    $default  reduce using rule 1 (programa)


state 68

   27 sentencias: sentencia sentencias .

    $default  reduce using rule 27 (sentencias)


state 69

   28 sentencia: sentencia_simple TOK_PUNTOYCOMA .

    $default  reduce using rule 28 (sentencia)


state 70

   37 asignacion: elemento_vector TOK_ASIGNACION . exp

    TOK_IDENTIFICADOR        shift, and go to state 22
    TOK_CONSTANTE_ENTERA     shift, and go to state 49
    TOK_PARENTESISIZQUIERDO  shift, and go to state 55
    TOK_MENOS                shift, and go to state 56
    TOK_NOT                  shift, and go to state 57
    TOK_TRUE                 shift, and go to state 58
    TOK_FALSE                shift, and go to state 59

    elemento_vector   go to state 60
    exp               go to state 92
    constante         go to state 62
    constante_logica  go to state 63
    constante_entera  go to state 64
    identificador     go to state 65


state 71

   38 elemento_vector: identificador TOK_CORCHETEIZQUIERDO . exp TOK_CORCHETEDERECHO

    TOK_IDENTIFICADOR        shift, and go to state 22
    TOK_CONSTANTE_ENTERA     shift, and go to state 49
    TOK_PARENTESISIZQUIERDO  shift, and go to state 55
    TOK_MENOS                shift, and go to state 56
    TOK_NOT                  shift, and go to state 57
    TOK_TRUE                 shift, and go to state 58
    TOK_FALSE                shift, and go to state 59

    elemento_vector   go to state 60
    exp               go to state 93
    constante         go to state 62
    constante_logica  go to state 63
    constante_entera  go to state 64
    identificador     go to state 65


state 72

   36 asignacion: identificador TOK_ASIGNACION . exp

    TOK_IDENTIFICADOR        shift, and go to state 22
    TOK_CONSTANTE_ENTERA     shift, and go to state 49
    TOK_PARENTESISIZQUIERDO  shift, and go to state 55
    TOK_MENOS                shift, and go to state 56
    TOK_NOT                  shift, and go to state 57
    TOK_TRUE                 shift, and go to state 58
    TOK_FALSE                shift, and go to state 59

    elemento_vector   go to state 60
    exp               go to state 94
    constante         go to state 62
    constante_logica  go to state 63
    constante_entera  go to state 64
    identificador     go to state 65


state 73

   16 funcion: fn_declaration sentencias TOK_LLAVEDERECHA .

    $default  reduce using rule 16 (funcion)


state 74

   23 parametro_funcion: tipo . idpf

    TOK_IDENTIFICADOR  shift, and go to state 95

    idpf  go to state 96


state 75

   17 fn_declaration: fn_name TOK_PARENTESISIZQUIERDO parametros_funcion . TOK_PARENTESISDERECHO TOK_LLAVEIZQUIERDA declaraciones_funcion

    TOK_PARENTESISDERECHO  shift, and go to state 97


state 76

   19 parametros_funcion: parametro_funcion . resto_parametros_funcion

    TOK_PUNTOYCOMA  shift, and go to state 98

    $default  reduce using rule 22 (resto_parametros_funcion)

    resto_parametros_funcion  go to state 99


state 77

   13 identificadores: identificador TOK_COMA identificadores .

    $default  reduce using rule 13 (identificadores)


state 78

   11 clase_vector: TOK_ARRAY tipo TOK_CORCHETEIZQUIERDO constante_entera TOK_CORCHETEDERECHO .

    $default  reduce using rule 11 (clase_vector)


state 79

   39 condicional: TOK_IF TOK_PARENTESISIZQUIERDO exp . TOK_PARENTESISDERECHO TOK_LLAVEIZQUIERDA sentencias TOK_LLAVEDERECHA
   40            | TOK_IF TOK_PARENTESISIZQUIERDO exp . TOK_PARENTESISDERECHO TOK_LLAVEIZQUIERDA sentencias TOK_LLAVEDERECHA TOK_ELSE TOK_LLAVEIZQUIERDA sentencias TOK_LLAVEDERECHA
   45 exp: exp . TOK_MAS exp
   46    | exp . TOK_MENOS exp
   47    | exp . TOK_DIVISION exp
   48    | exp . TOK_ASTERISCO exp
   50    | exp . TOK_AND exp
   51    | exp . TOK_OR exp

    TOK_PARENTESISDERECHO  shift, and go to state 100
    TOK_MAS                shift, and go to state 85
    TOK_MENOS              shift, and go to state 86
    TOK_DIVISION           shift, and go to state 87
    TOK_ASTERISCO          shift, and go to state 88
    TOK_AND                shift, and go to state 89
    TOK_OR                 shift, and go to state 90


state 80

   41 bucle: TOK_WHILE TOK_PARENTESISIZQUIERDO exp . TOK_PARENTESISDERECHO TOK_LLAVEIZQUIERDA sentencias TOK_LLAVEDERECHA
   45 exp: exp . TOK_MAS exp
   46    | exp . TOK_MENOS exp
   47    | exp . TOK_DIVISION exp
   48    | exp . TOK_ASTERISCO exp
   50    | exp . TOK_AND exp
   51    | exp . TOK_OR exp

    TOK_PARENTESISDERECHO  shift, and go to state 101
    TOK_MAS                shift, and go to state 85
    TOK_MENOS              shift, and go to state 86
    TOK_DIVISION           shift, and go to state 87
    TOK_ASTERISCO          shift, and go to state 88
    TOK_AND                shift, and go to state 89
    TOK_OR                 shift, and go to state 90


state 81

   45 exp: exp . TOK_MAS exp
   46    | exp . TOK_MENOS exp
   47    | exp . TOK_DIVISION exp
   48    | exp . TOK_ASTERISCO exp
   50    | exp . TOK_AND exp
   51    | exp . TOK_OR exp
   55    | TOK_PARENTESISIZQUIERDO exp . TOK_PARENTESISDERECHO
   63 comparacion: exp . TOK_IGUAL exp
   64            | exp . TOK_DISTINTO exp
   65            | exp . TOK_MENORIGUAL exp
   66            | exp . TOK_MAYORIGUAL
   67            | exp . TOK_MENOR exp
   68            | exp . TOK_MAYOR exp

    TOK_PARENTESISDERECHO  shift, and go to state 102
    TOK_MAS                shift, and go to state 85
    TOK_MENOS              shift, and go to state 86
    TOK_DIVISION           shift, and go to state 87
    TOK_ASTERISCO          shift, and go to state 88
    TOK_AND                shift, and go to state 89
    TOK_OR                 shift, and go to state 90
    TOK_IGUAL              shift, and go to state 103
    TOK_DISTINTO           shift, and go to state 104
    TOK_MENORIGUAL         shift, and go to state 105
    TOK_MAYORIGUAL         shift, and go to state 106
    TOK_MENOR              shift, and go to state 107
    TOK_MAYOR              shift, and go to state 108


state 82

   56 exp: TOK_PARENTESISIZQUIERDO comparacion . TOK_PARENTESISDERECHO

    TOK_PARENTESISDERECHO  shift, and go to state 109


state 83

   45 exp: exp . TOK_MAS exp
   46    | exp . TOK_MENOS exp
   47    | exp . TOK_DIVISION exp
   48    | exp . TOK_ASTERISCO exp
   49    | TOK_MENOS exp .
   50    | exp . TOK_AND exp
   51    | exp . TOK_OR exp

    TOK_DIVISION   shift, and go to state 87
    TOK_ASTERISCO  shift, and go to state 88
    TOK_AND        shift, and go to state 89

    $default  reduce using rule 49 (exp)


state 84

   45 exp: exp . TOK_MAS exp
   46    | exp . TOK_MENOS exp
   47    | exp . TOK_DIVISION exp
   48    | exp . TOK_ASTERISCO exp
   50    | exp . TOK_AND exp
   51    | exp . TOK_OR exp
   52    | TOK_NOT exp .

    $default  reduce using rule 52 (exp)


state 85

   45 exp: exp TOK_MAS . exp

    TOK_IDENTIFICADOR        shift, and go to state 22
    TOK_CONSTANTE_ENTERA     shift, and go to state 49
    TOK_PARENTESISIZQUIERDO  shift, and go to state 55
    TOK_MENOS                shift, and go to state 56
    TOK_NOT                  shift, and go to state 57
    TOK_TRUE                 shift, and go to state 58
    TOK_FALSE                shift, and go to state 59

    elemento_vector   go to state 60
    exp               go to state 110
    constante         go to state 62
    constante_logica  go to state 63
    constante_entera  go to state 64
    identificador     go to state 65


state 86

   46 exp: exp TOK_MENOS . exp

    TOK_IDENTIFICADOR        shift, and go to state 22
    TOK_CONSTANTE_ENTERA     shift, and go to state 49
    TOK_PARENTESISIZQUIERDO  shift, and go to state 55
    TOK_MENOS                shift, and go to state 56
    TOK_NOT                  shift, and go to state 57
    TOK_TRUE                 shift, and go to state 58
    TOK_FALSE                shift, and go to state 59

    elemento_vector   go to state 60
    exp               go to state 111
    constante         go to state 62
    constante_logica  go to state 63
    constante_entera  go to state 64
    identificador     go to state 65


state 87

   47 exp: exp TOK_DIVISION . exp

    TOK_IDENTIFICADOR        shift, and go to state 22
    TOK_CONSTANTE_ENTERA     shift, and go to state 49
    TOK_PARENTESISIZQUIERDO  shift, and go to state 55
    TOK_MENOS                shift, and go to state 56
    TOK_NOT                  shift, and go to state 57
    TOK_TRUE                 shift, and go to state 58
    TOK_FALSE                shift, and go to state 59

    elemento_vector   go to state 60
    exp               go to state 112
    constante         go to state 62
    constante_logica  go to state 63
    constante_entera  go to state 64
    identificador     go to state 65


state 88

   48 exp: exp TOK_ASTERISCO . exp

    TOK_IDENTIFICADOR        shift, and go to state 22
    TOK_CONSTANTE_ENTERA     shift, and go to state 49
    TOK_PARENTESISIZQUIERDO  shift, and go to state 55
    TOK_MENOS                shift, and go to state 56
    TOK_NOT                  shift, and go to state 57
    TOK_TRUE                 shift, and go to state 58
    TOK_FALSE                shift, and go to state 59

    elemento_vector   go to state 60
    exp               go to state 113
    constante         go to state 62
    constante_logica  go to state 63
    constante_entera  go to state 64
    identificador     go to state 65


state 89

   50 exp: exp TOK_AND . exp

    TOK_IDENTIFICADOR        shift, and go to state 22
    TOK_CONSTANTE_ENTERA     shift, and go to state 49
    TOK_PARENTESISIZQUIERDO  shift, and go to state 55
    TOK_MENOS                shift, and go to state 56
    TOK_NOT                  shift, and go to state 57
    TOK_TRUE                 shift, and go to state 58
    TOK_FALSE                shift, and go to state 59

    elemento_vector   go to state 60
    exp               go to state 114
    constante         go to state 62
    constante_logica  go to state 63
    constante_entera  go to state 64
    identificador     go to state 65


state 90

   51 exp: exp TOK_OR . exp

    TOK_IDENTIFICADOR        shift, and go to state 22
    TOK_CONSTANTE_ENTERA     shift, and go to state 49
    TOK_PARENTESISIZQUIERDO  shift, and go to state 55
    TOK_MENOS                shift, and go to state 56
    TOK_NOT                  shift, and go to state 57
    TOK_TRUE                 shift, and go to state 58
    TOK_FALSE                shift, and go to state 59

    elemento_vector   go to state 60
    exp               go to state 115
    constante         go to state 62
    constante_logica  go to state 63
    constante_entera  go to state 64
    identificador     go to state 65


state 91

   58 exp: identificador TOK_PARENTESISIZQUIERDO . lista_expresiones TOK_PARENTESISDERECHO

    TOK_IDENTIFICADOR        shift, and go to state 22
    TOK_CONSTANTE_ENTERA     shift, and go to state 49
    TOK_PARENTESISIZQUIERDO  shift, and go to state 55
    TOK_MENOS                shift, and go to state 56
    TOK_NOT                  shift, and go to state 57
    TOK_TRUE                 shift, and go to state 58
    TOK_FALSE                shift, and go to state 59

    $default  reduce using rule 60 (lista_expresiones)

    elemento_vector    go to state 60
    exp                go to state 116
    lista_expresiones  go to state 117
    constante          go to state 62
    constante_logica   go to state 63
    constante_entera   go to state 64
    identificador      go to state 65


state 92

   37 asignacion: elemento_vector TOK_ASIGNACION exp .
   45 exp: exp . TOK_MAS exp
   46    | exp . TOK_MENOS exp
   47    | exp . TOK_DIVISION exp
   48    | exp . TOK_ASTERISCO exp
   50    | exp . TOK_AND exp
   51    | exp . TOK_OR exp

    TOK_MAS        shift, and go to state 85
    TOK_MENOS      shift, and go to state 86
    TOK_DIVISION   shift, and go to state 87
    TOK_ASTERISCO  shift, and go to state 88
    TOK_AND        shift, and go to state 89
    TOK_OR         shift, and go to state 90

    $default  reduce using rule 37 (asignacion)


state 93

   38 elemento_vector: identificador TOK_CORCHETEIZQUIERDO exp . TOK_CORCHETEDERECHO
   45 exp: exp . TOK_MAS exp
   46    | exp . TOK_MENOS exp
   47    | exp . TOK_DIVISION exp
   48    | exp . TOK_ASTERISCO exp
   50    | exp . TOK_AND exp
   51    | exp . TOK_OR exp

    TOK_CORCHETEDERECHO  shift, and go to state 118
    TOK_MAS              shift, and go to state 85
    TOK_MENOS            shift, and go to state 86
    TOK_DIVISION         shift, and go to state 87
    TOK_ASTERISCO        shift, and go to state 88
    TOK_AND              shift, and go to state 89
    TOK_OR               shift, and go to state 90


state 94

   36 asignacion: identificador TOK_ASIGNACION exp .
   45 exp: exp . TOK_MAS exp
   46    | exp . TOK_MENOS exp
   47    | exp . TOK_DIVISION exp
   48    | exp . TOK_ASTERISCO exp
   50    | exp . TOK_AND exp
   51    | exp . TOK_OR exp

    TOK_MAS        shift, and go to state 85
    TOK_MENOS      shift, and go to state 86
    TOK_DIVISION   shift, and go to state 87
    TOK_ASTERISCO  shift, and go to state 88
    TOK_AND        shift, and go to state 89
    TOK_OR         shift, and go to state 90

    $default  reduce using rule 36 (asignacion)


state 95

   75 idpf: TOK_IDENTIFICADOR .

    $default  reduce using rule 75 (idpf)


state 96

   23 parametro_funcion: tipo idpf .

    $default  reduce using rule 23 (parametro_funcion)


state 97

   17 fn_declaration: fn_name TOK_PARENTESISIZQUIERDO parametros_funcion TOK_PARENTESISDERECHO . TOK_LLAVEIZQUIERDA declaraciones_funcion

    TOK_LLAVEIZQUIERDA  shift, and go to state 119


state 98

   21 resto_parametros_funcion: TOK_PUNTOYCOMA . parametro_funcion resto_parametros_funcion

    TOK_INT      shift, and go to state 6
    TOK_BOOLEAN  shift, and go to state 7

    tipo               go to state 74
    parametro_funcion  go to state 120


state 99

   19 parametros_funcion: parametro_funcion resto_parametros_funcion .

    $default  reduce using rule 19 (parametros_funcion)


state 100

   39 condicional: TOK_IF TOK_PARENTESISIZQUIERDO exp TOK_PARENTESISDERECHO . TOK_LLAVEIZQUIERDA sentencias TOK_LLAVEDERECHA
   40            | TOK_IF TOK_PARENTESISIZQUIERDO exp TOK_PARENTESISDERECHO . TOK_LLAVEIZQUIERDA sentencias TOK_LLAVEDERECHA TOK_ELSE TOK_LLAVEIZQUIERDA sentencias TOK_LLAVEDERECHA

    TOK_LLAVEIZQUIERDA  shift, and go to state 121


state 101

   41 bucle: TOK_WHILE TOK_PARENTESISIZQUIERDO exp TOK_PARENTESISDERECHO . TOK_LLAVEIZQUIERDA sentencias TOK_LLAVEDERECHA

    TOK_LLAVEIZQUIERDA  shift, and go to state 122


state 102

   55 exp: TOK_PARENTESISIZQUIERDO exp TOK_PARENTESISDERECHO .

    $default  reduce using rule 55 (exp)


state 103

   63 comparacion: exp TOK_IGUAL . exp

    TOK_IDENTIFICADOR        shift, and go to state 22
    TOK_CONSTANTE_ENTERA     shift, and go to state 49
    TOK_PARENTESISIZQUIERDO  shift, and go to state 55
    TOK_MENOS                shift, and go to state 56
    TOK_NOT                  shift, and go to state 57
    TOK_TRUE                 shift, and go to state 58
    TOK_FALSE                shift, and go to state 59

    elemento_vector   go to state 60
    exp               go to state 123
    constante         go to state 62
    constante_logica  go to state 63
    constante_entera  go to state 64
    identificador     go to state 65


state 104

   64 comparacion: exp TOK_DISTINTO . exp

    TOK_IDENTIFICADOR        shift, and go to state 22
    TOK_CONSTANTE_ENTERA     shift, and go to state 49
    TOK_PARENTESISIZQUIERDO  shift, and go to state 55
    TOK_MENOS                shift, and go to state 56
    TOK_NOT                  shift, and go to state 57
    TOK_TRUE                 shift, and go to state 58
    TOK_FALSE                shift, and go to state 59

    elemento_vector   go to state 60
    exp               go to state 124
    constante         go to state 62
    constante_logica  go to state 63
    constante_entera  go to state 64
    identificador     go to state 65


state 105

   65 comparacion: exp TOK_MENORIGUAL . exp

    TOK_IDENTIFICADOR        shift, and go to state 22
    TOK_CONSTANTE_ENTERA     shift, and go to state 49
    TOK_PARENTESISIZQUIERDO  shift, and go to state 55
    TOK_MENOS                shift, and go to state 56
    TOK_NOT                  shift, and go to state 57
    TOK_TRUE                 shift, and go to state 58
    TOK_FALSE                shift, and go to state 59

    elemento_vector   go to state 60
    exp               go to state 125
    constante         go to state 62
    constante_logica  go to state 63
    constante_entera  go to state 64
    identificador     go to state 65


state 106

   66 comparacion: exp TOK_MAYORIGUAL .

    $default  reduce using rule 66 (comparacion)


state 107

   67 comparacion: exp TOK_MENOR . exp

    TOK_IDENTIFICADOR        shift, and go to state 22
    TOK_CONSTANTE_ENTERA     shift, and go to state 49
    TOK_PARENTESISIZQUIERDO  shift, and go to state 55
    TOK_MENOS                shift, and go to state 56
    TOK_NOT                  shift, and go to state 57
    TOK_TRUE                 shift, and go to state 58
    TOK_FALSE                shift, and go to state 59

    elemento_vector   go to state 60
    exp               go to state 126
    constante         go to state 62
    constante_logica  go to state 63
    constante_entera  go to state 64
    identificador     go to state 65


state 108

   68 comparacion: exp TOK_MAYOR . exp

    TOK_IDENTIFICADOR        shift, and go to state 22
    TOK_CONSTANTE_ENTERA     shift, and go to state 49
    TOK_PARENTESISIZQUIERDO  shift, and go to state 55
    TOK_MENOS                shift, and go to state 56
    TOK_NOT                  shift, and go to state 57
    TOK_TRUE                 shift, and go to state 58
    TOK_FALSE                shift, and go to state 59

    elemento_vector   go to state 60
    exp               go to state 127
    constante         go to state 62
    constante_logica  go to state 63
    constante_entera  go to state 64
    identificador     go to state 65


state 109

   56 exp: TOK_PARENTESISIZQUIERDO comparacion TOK_PARENTESISDERECHO .

    $default  reduce using rule 56 (exp)


state 110

   45 exp: exp . TOK_MAS exp
   45    | exp TOK_MAS exp .
   46    | exp . TOK_MENOS exp
   47    | exp . TOK_DIVISION exp
   48    | exp . TOK_ASTERISCO exp
   50    | exp . TOK_AND exp
   51    | exp . TOK_OR exp

    TOK_DIVISION   shift, and go to state 87
    TOK_ASTERISCO  shift, and go to state 88
    TOK_AND        shift, and go to state 89

    $default  reduce using rule 45 (exp)


state 111

   45 exp: exp . TOK_MAS exp
   46    | exp . TOK_MENOS exp
   46    | exp TOK_MENOS exp .
   47    | exp . TOK_DIVISION exp
   48    | exp . TOK_ASTERISCO exp
   50    | exp . TOK_AND exp
   51    | exp . TOK_OR exp

    TOK_DIVISION   shift, and go to state 87
    TOK_ASTERISCO  shift, and go to state 88
    TOK_AND        shift, and go to state 89

    $default  reduce using rule 46 (exp)


state 112

   45 exp: exp . TOK_MAS exp
   46    | exp . TOK_MENOS exp
   47    | exp . TOK_DIVISION exp
   47    | exp TOK_DIVISION exp .
   48    | exp . TOK_ASTERISCO exp
   50    | exp . TOK_AND exp
   51    | exp . TOK_OR exp

    $default  reduce using rule 47 (exp)


state 113

   45 exp: exp . TOK_MAS exp
   46    | exp . TOK_MENOS exp
   47    | exp . TOK_DIVISION exp
   48    | exp . TOK_ASTERISCO exp
   48    | exp TOK_ASTERISCO exp .
   50    | exp . TOK_AND exp
   51    | exp . TOK_OR exp

    $default  reduce using rule 48 (exp)


state 114

   45 exp: exp . TOK_MAS exp
   46    | exp . TOK_MENOS exp
   47    | exp . TOK_DIVISION exp
   48    | exp . TOK_ASTERISCO exp
   50    | exp . TOK_AND exp
   50    | exp TOK_AND exp .
   51    | exp . TOK_OR exp

    $default  reduce using rule 50 (exp)


state 115

   45 exp: exp . TOK_MAS exp
   46    | exp . TOK_MENOS exp
   47    | exp . TOK_DIVISION exp
   48    | exp . TOK_ASTERISCO exp
   50    | exp . TOK_AND exp
   51    | exp . TOK_OR exp
   51    | exp TOK_OR exp .

    TOK_DIVISION   shift, and go to state 87
    TOK_ASTERISCO  shift, and go to state 88
    TOK_AND        shift, and go to state 89

    $default  reduce using rule 51 (exp)


state 116

   45 exp: exp . TOK_MAS exp
   46    | exp . TOK_MENOS exp
   47    | exp . TOK_DIVISION exp
   48    | exp . TOK_ASTERISCO exp
   50    | exp . TOK_AND exp
   51    | exp . TOK_OR exp
   59 lista_expresiones: exp . resto_lista_expresiones

    TOK_COMA       shift, and go to state 128
    TOK_MAS        shift, and go to state 85
    TOK_MENOS      shift, and go to state 86
    TOK_DIVISION   shift, and go to state 87
    TOK_ASTERISCO  shift, and go to state 88
    TOK_AND        shift, and go to state 89
    TOK_OR         shift, and go to state 90

    $default  reduce using rule 62 (resto_lista_expresiones)

    resto_lista_expresiones  go to state 129


state 117

   58 exp: identificador TOK_PARENTESISIZQUIERDO lista_expresiones . TOK_PARENTESISDERECHO

    TOK_PARENTESISDERECHO  shift, and go to state 130


state 118

   38 elemento_vector: identificador TOK_CORCHETEIZQUIERDO exp TOK_CORCHETEDERECHO .

    $default  reduce using rule 38 (elemento_vector)


state 119

   17 fn_declaration: fn_name TOK_PARENTESISIZQUIERDO parametros_funcion TOK_PARENTESISDERECHO TOK_LLAVEIZQUIERDA . declaraciones_funcion

    TOK_INT      shift, and go to state 6
    TOK_BOOLEAN  shift, and go to state 7
    TOK_ARRAY    shift, and go to state 8

    $default  reduce using rule 25 (declaraciones_funcion)

    declaraciones          go to state 131
    declaracion            go to state 10
    clase                  go to state 11
    clase_escalar          go to state 12
    tipo                   go to state 13
    clase_vector           go to state 14
    declaraciones_funcion  go to state 132


state 120

   21 resto_parametros_funcion: TOK_PUNTOYCOMA parametro_funcion . resto_parametros_funcion

    TOK_PUNTOYCOMA  shift, and go to state 98

    $default  reduce using rule 22 (resto_parametros_funcion)

    resto_parametros_funcion  go to state 133


state 121

   39 condicional: TOK_IF TOK_PARENTESISIZQUIERDO exp TOK_PARENTESISDERECHO TOK_LLAVEIZQUIERDA . sentencias TOK_LLAVEDERECHA
   40            | TOK_IF TOK_PARENTESISIZQUIERDO exp TOK_PARENTESISDERECHO TOK_LLAVEIZQUIERDA . sentencias TOK_LLAVEDERECHA TOK_ELSE TOK_LLAVEIZQUIERDA sentencias TOK_LLAVEDERECHA

    TOK_IDENTIFICADOR  shift, and go to state 22
    TOK_IF             shift, and go to state 27
    TOK_WHILE          shift, and go to state 28
    TOK_SCANF          shift, and go to state 29
    TOK_PRINTF         shift, and go to state 30
    TOK_RETURN         shift, and go to state 31

    sentencias        go to state 134
    sentencia         go to state 33
    sentencia_simple  go to state 34
    bloque            go to state 35
    asignacion        go to state 36
    elemento_vector   go to state 37
    condicional       go to state 38
    bucle             go to state 39
    lectura           go to state 40
    escritura         go to state 41
    retorno_funcion   go to state 42
    identificador     go to state 43


state 122

   41 bucle: TOK_WHILE TOK_PARENTESISIZQUIERDO exp TOK_PARENTESISDERECHO TOK_LLAVEIZQUIERDA . sentencias TOK_LLAVEDERECHA

    TOK_IDENTIFICADOR  shift, and go to state 22
    TOK_IF             shift, and go to state 27
    TOK_WHILE          shift, and go to state 28
    TOK_SCANF          shift, and go to state 29
    TOK_PRINTF         shift, and go to state 30
    TOK_RETURN         shift, and go to state 31

    sentencias        go to state 135
    sentencia         go to state 33
    sentencia_simple  go to state 34
    bloque            go to state 35
    asignacion        go to state 36
    elemento_vector   go to state 37
    condicional       go to state 38
    bucle             go to state 39
    lectura           go to state 40
    escritura         go to state 41
    retorno_funcion   go to state 42
    identificador     go to state 43


state 123

   45 exp: exp . TOK_MAS exp
   46    | exp . TOK_MENOS exp
   47    | exp . TOK_DIVISION exp
   48    | exp . TOK_ASTERISCO exp
   50    | exp . TOK_AND exp
   51    | exp . TOK_OR exp
   63 comparacion: exp TOK_IGUAL exp .

    TOK_MAS        shift, and go to state 85
    TOK_MENOS      shift, and go to state 86
    TOK_DIVISION   shift, and go to state 87
    TOK_ASTERISCO  shift, and go to state 88
    TOK_AND        shift, and go to state 89
    TOK_OR         shift, and go to state 90

    $default  reduce using rule 63 (comparacion)


state 124

   45 exp: exp . TOK_MAS exp
   46    | exp . TOK_MENOS exp
   47    | exp . TOK_DIVISION exp
   48    | exp . TOK_ASTERISCO exp
   50    | exp . TOK_AND exp
   51    | exp . TOK_OR exp
   64 comparacion: exp TOK_DISTINTO exp .

    TOK_MAS        shift, and go to state 85
    TOK_MENOS      shift, and go to state 86
    TOK_DIVISION   shift, and go to state 87
    TOK_ASTERISCO  shift, and go to state 88
    TOK_AND        shift, and go to state 89
    TOK_OR         shift, and go to state 90

    $default  reduce using rule 64 (comparacion)


state 125

   45 exp: exp . TOK_MAS exp
   46    | exp . TOK_MENOS exp
   47    | exp . TOK_DIVISION exp
   48    | exp . TOK_ASTERISCO exp
   50    | exp . TOK_AND exp
   51    | exp . TOK_OR exp
   65 comparacion: exp TOK_MENORIGUAL exp .

    TOK_MAS        shift, and go to state 85
    TOK_MENOS      shift, and go to state 86
    TOK_DIVISION   shift, and go to state 87
    TOK_ASTERISCO  shift, and go to state 88
    TOK_AND        shift, and go to state 89
    TOK_OR         shift, and go to state 90

    $default  reduce using rule 65 (comparacion)


state 126

   45 exp: exp . TOK_MAS exp
   46    | exp . TOK_MENOS exp
   47    | exp . TOK_DIVISION exp
   48    | exp . TOK_ASTERISCO exp
   50    | exp . TOK_AND exp
   51    | exp . TOK_OR exp
   67 comparacion: exp TOK_MENOR exp .

    TOK_MAS        shift, and go to state 85
    TOK_MENOS      shift, and go to state 86
    TOK_DIVISION   shift, and go to state 87
    TOK_ASTERISCO  shift, and go to state 88
    TOK_AND        shift, and go to state 89
    TOK_OR         shift, and go to state 90

    $default  reduce using rule 67 (comparacion)


state 127

   45 exp: exp . TOK_MAS exp
   46    | exp . TOK_MENOS exp
   47    | exp . TOK_DIVISION exp
   48    | exp . TOK_ASTERISCO exp
   50    | exp . TOK_AND exp
   51    | exp . TOK_OR exp
   68 comparacion: exp TOK_MAYOR exp .

    TOK_MAS        shift, and go to state 85
    TOK_MENOS      shift, and go to state 86
    TOK_DIVISION   shift, and go to state 87
    TOK_ASTERISCO  shift, and go to state 88
    TOK_AND        shift, and go to state 89
    TOK_OR         shift, and go to state 90

    $default  reduce using rule 68 (comparacion)


state 128

   61 resto_lista_expresiones: TOK_COMA . exp resto_lista_expresiones

    TOK_IDENTIFICADOR        shift, and go to state 22
    TOK_CONSTANTE_ENTERA     shift, and go to state 49
    TOK_PARENTESISIZQUIERDO  shift, and go to state 55
    TOK_MENOS                shift, and go to state 56
    TOK_NOT                  shift, and go to state 57
    TOK_TRUE                 shift, and go to state 58
    TOK_FALSE                shift, and go to state 59

    elemento_vector   go to state 60
    exp               go to state 136
    constante         go to state 62
    constante_logica  go to state 63
    constante_entera  go to state 64
    identificador     go to state 65


state 129

   59 lista_expresiones: exp resto_lista_expresiones .

    $default  reduce using rule 59 (lista_expresiones)


state 130

   58 exp: identificador TOK_PARENTESISIZQUIERDO lista_expresiones TOK_PARENTESISDERECHO .

    $default  reduce using rule 58 (exp)


state 131

   24 declaraciones_funcion: declaraciones .

    $default  reduce using rule 24 (declaraciones_funcion)


state 132

   17 fn_declaration: fn_name TOK_PARENTESISIZQUIERDO parametros_funcion TOK_PARENTESISDERECHO TOK_LLAVEIZQUIERDA declaraciones_funcion .

    $default  reduce using rule 17 (fn_declaration)


state 133

   21 resto_parametros_funcion: TOK_PUNTOYCOMA parametro_funcion resto_parametros_funcion .

    $default  reduce using rule 21 (resto_parametros_funcion)


state 134

   39 condicional: TOK_IF TOK_PARENTESISIZQUIERDO exp TOK_PARENTESISDERECHO TOK_LLAVEIZQUIERDA sentencias . TOK_LLAVEDERECHA
   40            | TOK_IF TOK_PARENTESISIZQUIERDO exp TOK_PARENTESISDERECHO TOK_LLAVEIZQUIERDA sentencias . TOK_LLAVEDERECHA TOK_ELSE TOK_LLAVEIZQUIERDA sentencias TOK_LLAVEDERECHA

    TOK_LLAVEDERECHA  shift, and go to state 137


state 135

   41 bucle: TOK_WHILE TOK_PARENTESISIZQUIERDO exp TOK_PARENTESISDERECHO TOK_LLAVEIZQUIERDA sentencias . TOK_LLAVEDERECHA

    TOK_LLAVEDERECHA  shift, and go to state 138


state 136

   45 exp: exp . TOK_MAS exp
   46    | exp . TOK_MENOS exp
   47    | exp . TOK_DIVISION exp
   48    | exp . TOK_ASTERISCO exp
   50    | exp . TOK_AND exp
   51    | exp . TOK_OR exp
   61 resto_lista_expresiones: TOK_COMA exp . resto_lista_expresiones

    TOK_COMA       shift, and go to state 128
    TOK_MAS        shift, and go to state 85
    TOK_MENOS      shift, and go to state 86
    TOK_DIVISION   shift, and go to state 87
    TOK_ASTERISCO  shift, and go to state 88
    TOK_AND        shift, and go to state 89
    TOK_OR         shift, and go to state 90

    $default  reduce using rule 62 (resto_lista_expresiones)

    resto_lista_expresiones  go to state 139


state 137

   39 condicional: TOK_IF TOK_PARENTESISIZQUIERDO exp TOK_PARENTESISDERECHO TOK_LLAVEIZQUIERDA sentencias TOK_LLAVEDERECHA .
   40            | TOK_IF TOK_PARENTESISIZQUIERDO exp TOK_PARENTESISDERECHO TOK_LLAVEIZQUIERDA sentencias TOK_LLAVEDERECHA . TOK_ELSE TOK_LLAVEIZQUIERDA sentencias TOK_LLAVEDERECHA

    TOK_ELSE  shift, and go to state 140

    $default  reduce using rule 39 (condicional)


state 138

   41 bucle: TOK_WHILE TOK_PARENTESISIZQUIERDO exp TOK_PARENTESISDERECHO TOK_LLAVEIZQUIERDA sentencias TOK_LLAVEDERECHA .

    $default  reduce using rule 41 (bucle)


state 139

   61 resto_lista_expresiones: TOK_COMA exp resto_lista_expresiones .

    $default  reduce using rule 61 (resto_lista_expresiones)


state 140

   40 condicional: TOK_IF TOK_PARENTESISIZQUIERDO exp TOK_PARENTESISDERECHO TOK_LLAVEIZQUIERDA sentencias TOK_LLAVEDERECHA TOK_ELSE . TOK_LLAVEIZQUIERDA sentencias TOK_LLAVEDERECHA

    TOK_LLAVEIZQUIERDA  shift, and go to state 141


state 141

   40 condicional: TOK_IF TOK_PARENTESISIZQUIERDO exp TOK_PARENTESISDERECHO TOK_LLAVEIZQUIERDA sentencias TOK_LLAVEDERECHA TOK_ELSE TOK_LLAVEIZQUIERDA . sentencias TOK_LLAVEDERECHA

    TOK_IDENTIFICADOR  shift, and go to state 22
    TOK_IF             shift, and go to state 27
    TOK_WHILE          shift, and go to state 28
    TOK_SCANF          shift, and go to state 29
    TOK_PRINTF         shift, and go to state 30
    TOK_RETURN         shift, and go to state 31

    sentencias        go to state 142
    sentencia         go to state 33
    sentencia_simple  go to state 34
    bloque            go to state 35
    asignacion        go to state 36
    elemento_vector   go to state 37
    condicional       go to state 38
    bucle             go to state 39
    lectura           go to state 40
    escritura         go to state 41
    retorno_funcion   go to state 42
    identificador     go to state 43


state 142

   40 condicional: TOK_IF TOK_PARENTESISIZQUIERDO exp TOK_PARENTESISDERECHO TOK_LLAVEIZQUIERDA sentencias TOK_LLAVEDERECHA TOK_ELSE TOK_LLAVEIZQUIERDA sentencias . TOK_LLAVEDERECHA

    TOK_LLAVEDERECHA  shift, and go to state 143


state 143

   40 condicional: TOK_IF TOK_PARENTESISIZQUIERDO exp TOK_PARENTESISDERECHO TOK_LLAVEIZQUIERDA sentencias TOK_LLAVEDERECHA TOK_ELSE TOK_LLAVEIZQUIERDA sentencias TOK_LLAVEDERECHA .

    $default  reduce using rule 40 (condicional)
